This is pdfTeX, Version 3.1415926-2.5-1.40.14 (TeX Live 2013) (format=pdflatex 2013.5.30)  12 JAN 2015 02:08
entering extended mode
 restricted \write18 enabled.
 %&-line parsing enabled.
**report_ieee.tex -recorder
(./report_ieee.tex
LaTeX2e <2011/06/27>
Babel <3.9f> and hyphenation patterns for 78 languages loaded.
(./IEEEtran.cls
Document Class: IEEEtran 2012/11/21 V1.8c by Harald Hanche-Olsen and Anders Chr
istensen
-- Based on V1.7a by Michael Shell
-- See the "IEEEtran_HOWTO" manual for usage information.
-- http://www.michaelshell.org/tex/ieeetran/
\@IEEEtrantmpdimenA=\dimen102
\@IEEEtrantmpdimenB=\dimen103
\@IEEEtrantmpcountA=\count79
\@IEEEtrantmpcountB=\count80
\@IEEEtrantmptoksA=\toks14
LaTeX Font Info:    Try loading font information for OT1+ptm on input line 373.

(/usr/local/texlive/2013/texmf-dist/tex/latex/psnfss/ot1ptm.fd
File: ot1ptm.fd 2001/06/04 font definitions for OT1/ptm.
)
-- Using 8.5in x 11in (letter) paper.
-- Using PDF output.
\@IEEEnormalsizeunitybaselineskip=\dimen104
-- This is a 10 point document.
\CLASSINFOnormalsizebaselineskip=\dimen105
\CLASSINFOnormalsizeunitybaselineskip=\dimen106
\IEEEnormaljot=\dimen107
LaTeX Font Info:    Font shape `OT1/ptm/bx/n' in size <5> not available
(Font)              Font shape `OT1/ptm/b/n' tried instead on input line 731.
LaTeX Font Info:    Font shape `OT1/ptm/bx/it' in size <5> not available
(Font)              Font shape `OT1/ptm/b/it' tried instead on input line 731.
LaTeX Font Info:    Font shape `OT1/ptm/bx/n' in size <7> not available
(Font)              Font shape `OT1/ptm/b/n' tried instead on input line 731.
LaTeX Font Info:    Font shape `OT1/ptm/bx/it' in size <7> not available
(Font)              Font shape `OT1/ptm/b/it' tried instead on input line 731.
LaTeX Font Info:    Font shape `OT1/ptm/bx/n' in size <8> not available
(Font)              Font shape `OT1/ptm/b/n' tried instead on input line 731.
LaTeX Font Info:    Font shape `OT1/ptm/bx/it' in size <8> not available
(Font)              Font shape `OT1/ptm/b/it' tried instead on input line 731.
LaTeX Font Info:    Font shape `OT1/ptm/bx/n' in size <9> not available
(Font)              Font shape `OT1/ptm/b/n' tried instead on input line 731.
LaTeX Font Info:    Font shape `OT1/ptm/bx/it' in size <9> not available
(Font)              Font shape `OT1/ptm/b/it' tried instead on input line 731.
LaTeX Font Info:    Font shape `OT1/ptm/bx/n' in size <10> not available
(Font)              Font shape `OT1/ptm/b/n' tried instead on input line 731.
LaTeX Font Info:    Font shape `OT1/ptm/bx/it' in size <10> not available
(Font)              Font shape `OT1/ptm/b/it' tried instead on input line 731.
LaTeX Font Info:    Font shape `OT1/ptm/bx/n' in size <11> not available
(Font)              Font shape `OT1/ptm/b/n' tried instead on input line 731.
LaTeX Font Info:    Font shape `OT1/ptm/bx/it' in size <11> not available
(Font)              Font shape `OT1/ptm/b/it' tried instead on input line 731.
LaTeX Font Info:    Font shape `OT1/ptm/bx/n' in size <12> not available
(Font)              Font shape `OT1/ptm/b/n' tried instead on input line 731.
LaTeX Font Info:    Font shape `OT1/ptm/bx/it' in size <12> not available
(Font)              Font shape `OT1/ptm/b/it' tried instead on input line 731.
LaTeX Font Info:    Font shape `OT1/ptm/bx/n' in size <17> not available
(Font)              Font shape `OT1/ptm/b/n' tried instead on input line 731.
LaTeX Font Info:    Font shape `OT1/ptm/bx/it' in size <17> not available
(Font)              Font shape `OT1/ptm/b/it' tried instead on input line 731.
LaTeX Font Info:    Font shape `OT1/ptm/bx/n' in size <20> not available
(Font)              Font shape `OT1/ptm/b/n' tried instead on input line 731.
LaTeX Font Info:    Font shape `OT1/ptm/bx/it' in size <20> not available
(Font)              Font shape `OT1/ptm/b/it' tried instead on input line 731.
LaTeX Font Info:    Font shape `OT1/ptm/bx/n' in size <24> not available
(Font)              Font shape `OT1/ptm/b/n' tried instead on input line 731.
LaTeX Font Info:    Font shape `OT1/ptm/bx/it' in size <24> not available
(Font)              Font shape `OT1/ptm/b/it' tried instead on input line 731.
\IEEEilabelindentA=\dimen108
\IEEEilabelindentB=\dimen109
\IEEEilabelindent=\dimen110
\IEEEelabelindent=\dimen111
\IEEEdlabelindent=\dimen112
\IEEElabelindent=\dimen113
\IEEEiednormlabelsep=\dimen114
\IEEEiedmathlabelsep=\dimen115
\IEEEiedtopsep=\skip41
\c@section=\count81
\c@subsection=\count82
\c@subsubsection=\count83
\c@paragraph=\count84
\c@IEEEsubequation=\count85
\abovecaptionskip=\skip42
\belowcaptionskip=\skip43
\c@figure=\count86
\c@table=\count87
\@IEEEeqnnumcols=\count88
\@IEEEeqncolcnt=\count89
\@IEEEtmpitemindent=\dimen116
\c@IEEEbiography=\count90
\@IEEEtranrubishbin=\box26
) (/usr/local/texlive/2013/texmf-dist/tex/latex/graphics/graphicx.sty
Package: graphicx 1999/02/16 v1.0f Enhanced LaTeX Graphics (DPC,SPQR)

(/usr/local/texlive/2013/texmf-dist/tex/latex/graphics/keyval.sty
Package: keyval 1999/03/16 v1.13 key=value parser (DPC)
\KV@toks@=\toks15
)
(/usr/local/texlive/2013/texmf-dist/tex/latex/graphics/graphics.sty
Package: graphics 2009/02/05 v1.0o Standard LaTeX Graphics (DPC,SPQR)

(/usr/local/texlive/2013/texmf-dist/tex/latex/graphics/trig.sty
Package: trig 1999/03/16 v1.09 sin cos tan (DPC)
)
(/usr/local/texlive/2013/texmf-dist/tex/latex/latexconfig/graphics.cfg
File: graphics.cfg 2010/04/23 v1.9 graphics configuration of TeX Live
)
Package graphics Info: Driver file: pdftex.def on input line 91.

(/usr/local/texlive/2013/texmf-dist/tex/latex/pdftex-def/pdftex.def
File: pdftex.def 2011/05/27 v0.06d Graphics/color for pdfTeX

(/usr/local/texlive/2013/texmf-dist/tex/generic/oberdiek/infwarerr.sty
Package: infwarerr 2010/04/08 v1.3 Providing info/warning/error messages (HO)
)
(/usr/local/texlive/2013/texmf-dist/tex/generic/oberdiek/ltxcmds.sty
Package: ltxcmds 2011/11/09 v1.22 LaTeX kernel commands for general use (HO)
)
\Gread@gobject=\count91
))
\Gin@req@height=\dimen117
\Gin@req@width=\dimen118
)
(/usr/local/texlive/2013/texmf-dist/tex/latex/amsfonts/amssymb.sty
Package: amssymb 2013/01/14 v3.01 AMS font symbols

(/usr/local/texlive/2013/texmf-dist/tex/latex/amsfonts/amsfonts.sty
Package: amsfonts 2013/01/14 v3.01 Basic AMSFonts support
\@emptytoks=\toks16
\symAMSa=\mathgroup4
\symAMSb=\mathgroup5
LaTeX Font Info:    Overwriting math alphabet `\mathfrak' in version `bold'
(Font)                  U/euf/m/n --> U/euf/b/n on input line 106.
))
(/usr/local/texlive/2013/texmf-dist/tex/latex/cite/cite.sty
LaTeX Info: Redefining \cite on input line 302.
LaTeX Info: Redefining \nocite on input line 373.
Package: cite 2010/09/10  v 5.3
)
(/usr/local/texlive/2013/texmf-dist/tex/latex/filecontents/filecontents.sty
Package: filecontents 2011/10/08 v1.3 Create an external file from within a LaT
eX document
)
(/usr/local/texlive/2013/texmf-dist/tex/latex/parskip/parskip.sty
Package: parskip 2001/04/09 non-zero parskip adjustments
)
(/usr/local/texlive/2013/texmf-dist/tex/latex/caption/subcaption.sty
Package: subcaption 2013/02/03 v1.1-62 Sub-captions (AR)

(/usr/local/texlive/2013/texmf-dist/tex/latex/caption/caption.sty
Package: caption 2013/05/02 v3.3-89 Customizing captions (AR)

(/usr/local/texlive/2013/texmf-dist/tex/latex/caption/caption3.sty
Package: caption3 2013/05/02 v1.6-88 caption3 kernel (AR)
Package caption3 Info: TeX engine: e-TeX on input line 57.
\captionmargin=\dimen119
\captionmargin@=\dimen120
\captionwidth=\dimen121
\caption@tempdima=\dimen122
\caption@indent=\dimen123
\caption@parindent=\dimen124
\caption@hangindent=\dimen125
Package caption Info: Unknown document class (or package),
(caption)             standard defaults will be used.
)

Package caption Warning: Unsupported document class (or package) detected,
(caption)                usage of the caption package is not recommended.
See the caption package documentation for explanation.

Package caption Info: \@makecaption = \long macro:#1#2->\ifx \@captype \@IEEEta
blestring \footnotesize {\centering \normalfont \footnotesize #1.\qquad \scshap
e #2\par }\@IEEEtablecaptionsepspace \else \@IEEEfigurecaptionsepspace \setbox 
\@tempboxa \hbox {\normalfont \footnotesize {#1.}~~ #2}\ifdim \wd \@tempboxa >\
hsize \setbox \@tempboxa \hbox {\normalfont \footnotesize {#1.}~~ }\parbox [t]{
\hsize }{\normalfont \footnotesize \noindent \unhbox \@tempboxa #2}\else \ifCLA
SSOPTIONconference \hbox to\hsize {\normalfont \footnotesize \box \@tempboxa \h
fil }\else \hbox to\hsize {\normalfont \footnotesize \box \@tempboxa \hfil }\fi
 \fi \fi .
\c@ContinuedFloat=\count92
)
\c@subfigure=\count93
\c@subtable=\count94
) (/usr/local/texlive/2013/texmf-dist/tex/latex/hyperref/hyperref.sty
Package: hyperref 2012/11/06 v6.83m Hypertext links for LaTeX

(/usr/local/texlive/2013/texmf-dist/tex/generic/oberdiek/hobsub-hyperref.sty
Package: hobsub-hyperref 2012/05/28 v1.13 Bundle oberdiek, subset hyperref (HO)


(/usr/local/texlive/2013/texmf-dist/tex/generic/oberdiek/hobsub-generic.sty
Package: hobsub-generic 2012/05/28 v1.13 Bundle oberdiek, subset generic (HO)
Package: hobsub 2012/05/28 v1.13 Construct package bundles (HO)
Package hobsub Info: Skipping package `infwarerr' (already loaded).
Package hobsub Info: Skipping package `ltxcmds' (already loaded).
Package: ifluatex 2010/03/01 v1.3 Provides the ifluatex switch (HO)
Package ifluatex Info: LuaTeX not detected.
Package: ifvtex 2010/03/01 v1.5 Detect VTeX and its facilities (HO)
Package ifvtex Info: VTeX not detected.
Package: intcalc 2007/09/27 v1.1 Expandable calculations with integers (HO)
Package: ifpdf 2011/01/30 v2.3 Provides the ifpdf switch (HO)
Package ifpdf Info: pdfTeX in PDF mode is detected.
Package: etexcmds 2011/02/16 v1.5 Avoid name clashes with e-TeX commands (HO)
Package etexcmds Info: Could not find \expanded.
(etexcmds)             That can mean that you are not using pdfTeX 1.50 or
(etexcmds)             that some package has redefined \expanded.
(etexcmds)             In the latter case, load this package earlier.
Package: kvsetkeys 2012/04/25 v1.16 Key value parser (HO)
Package: kvdefinekeys 2011/04/07 v1.3 Define keys (HO)
Package: pdftexcmds 2011/11/29 v0.20 Utility functions of pdfTeX for LuaTeX (HO
)
Package pdftexcmds Info: LuaTeX not detected.
Package pdftexcmds Info: \pdf@primitive is available.
Package pdftexcmds Info: \pdf@ifprimitive is available.
Package pdftexcmds Info: \pdfdraftmode found.
Package: pdfescape 2011/11/25 v1.13 Implements pdfTeX's escape features (HO)
Package: bigintcalc 2012/04/08 v1.3 Expandable calculations on big integers (HO
)
Package: bitset 2011/01/30 v1.1 Handle bit-vector datatype (HO)
Package: uniquecounter 2011/01/30 v1.2 Provide unlimited unique counter (HO)
)
Package hobsub Info: Skipping package `hobsub' (already loaded).
Package: letltxmacro 2010/09/02 v1.4 Let assignment for LaTeX macros (HO)
Package: hopatch 2012/05/28 v1.2 Wrapper for package hooks (HO)
Package: xcolor-patch 2011/01/30 xcolor patch
Package: atveryend 2011/06/30 v1.8 Hooks at the very end of document (HO)
Package atveryend Info: \enddocument detected (standard20110627).
Package: atbegshi 2011/10/05 v1.16 At begin shipout hook (HO)
Package: refcount 2011/10/16 v3.4 Data extraction from label references (HO)
Package: hycolor 2011/01/30 v1.7 Color options for hyperref/bookmark (HO)
)
(/usr/local/texlive/2013/texmf-dist/tex/generic/ifxetex/ifxetex.sty
Package: ifxetex 2010/09/12 v0.6 Provides ifxetex conditional
)
(/usr/local/texlive/2013/texmf-dist/tex/latex/oberdiek/auxhook.sty
Package: auxhook 2011/03/04 v1.3 Hooks for auxiliary files (HO)
)
(/usr/local/texlive/2013/texmf-dist/tex/latex/oberdiek/kvoptions.sty
Package: kvoptions 2011/06/30 v3.11 Key value format for package options (HO)
)
\@linkdim=\dimen126
\Hy@linkcounter=\count95
\Hy@pagecounter=\count96

(/usr/local/texlive/2013/texmf-dist/tex/latex/hyperref/pd1enc.def
File: pd1enc.def 2012/11/06 v6.83m Hyperref: PDFDocEncoding definition (HO)
)
\Hy@SavedSpaceFactor=\count97

(/usr/local/texlive/2013/texmf-dist/tex/latex/latexconfig/hyperref.cfg
File: hyperref.cfg 2002/06/06 v1.2 hyperref configuration of TeXLive
)
Package hyperref Info: Hyper figures OFF on input line 4443.
Package hyperref Info: Link nesting OFF on input line 4448.
Package hyperref Info: Hyper index ON on input line 4451.
Package hyperref Info: Plain pages OFF on input line 4458.
Package hyperref Info: Backreferencing OFF on input line 4463.
Package hyperref Info: Implicit mode ON; LaTeX internals redefined.
Package hyperref Info: Bookmarks ON on input line 4688.
\c@Hy@tempcnt=\count98

(/usr/local/texlive/2013/texmf-dist/tex/latex/url/url.sty
\Urlmuskip=\muskip10
Package: url 2006/04/12  ver 3.3  Verb mode for urls, etc.
)
LaTeX Info: Redefining \url on input line 5041.
\XeTeXLinkMargin=\dimen127
\Fld@menulength=\count99
\Field@Width=\dimen128
\Fld@charsize=\dimen129
Package hyperref Info: Hyper figures OFF on input line 6295.
Package hyperref Info: Link nesting OFF on input line 6300.
Package hyperref Info: Hyper index ON on input line 6303.
Package hyperref Info: backreferencing OFF on input line 6310.
Package hyperref Info: Link coloring OFF on input line 6315.
Package hyperref Info: Link coloring with OCG OFF on input line 6320.
Package hyperref Info: PDF/A mode OFF on input line 6325.
LaTeX Info: Redefining \ref on input line 6365.
LaTeX Info: Redefining \pageref on input line 6369.
\Hy@abspage=\count100
\c@Item=\count101
\c@Hfootnote=\count102
)

Package hyperref Message: Driver (autodetected): hpdftex.

(/usr/local/texlive/2013/texmf-dist/tex/latex/hyperref/hpdftex.def
File: hpdftex.def 2012/11/06 v6.83m Hyperref driver for pdfTeX
\Fld@listcount=\count103
\c@bookmark@seq@number=\count104

(/usr/local/texlive/2013/texmf-dist/tex/latex/oberdiek/rerunfilecheck.sty
Package: rerunfilecheck 2011/04/15 v1.7 Rerun checks for auxiliary files (HO)
Package uniquecounter Info: New unique counter `rerunfilecheck' on input line 2
82.
)
\Hy@SectionHShift=\skip44
)
(/usr/local/texlive/2013/texmf-dist/tex/latex/booktabs/booktabs.sty
Package: booktabs 2005/04/14 v1.61803 publication quality tables
\heavyrulewidth=\dimen130
\lightrulewidth=\dimen131
\cmidrulewidth=\dimen132
\belowrulesep=\dimen133
\belowbottomsep=\dimen134
\aboverulesep=\dimen135
\abovetopsep=\dimen136
\cmidrulesep=\dimen137
\cmidrulekern=\dimen138
\defaultaddspace=\dimen139
\@cmidla=\count105
\@cmidlb=\count106
\@aboverulesep=\dimen140
\@belowrulesep=\dimen141
\@thisruleclass=\count107
\@lastruleclass=\count108
\@thisrulewidth=\dimen142
)
(/usr/local/texlive/2013/texmf-dist/tex/generic/ulem/ulem.sty
\UL@box=\box27
\UL@hyphenbox=\box28
\UL@skip=\skip45
\UL@hook=\toks17
\UL@height=\dimen143
\UL@pe=\count109
\UL@pixel=\dimen144
\ULC@box=\box29
Package: ulem 2012/05/18
\ULdepth=\dimen145
)
(/usr/local/texlive/2013/texmf-dist/tex/latex/base/fontenc.sty
Package: fontenc 2005/09/27 v1.99g Standard LaTeX package

(/usr/local/texlive/2013/texmf-dist/tex/latex/base/t1enc.def
File: t1enc.def 2005/09/27 v1.99g Standard LaTeX file
LaTeX Font Info:    Redeclaring font encoding T1 on input line 43.
)
LaTeX Font Info:    Try loading font information for T1+ptm on input line 100.

(/usr/local/texlive/2013/texmf-dist/tex/latex/psnfss/t1ptm.fd
File: t1ptm.fd 2001/06/04 font definitions for T1/ptm.
))
(/usr/local/texlive/2013/texmf-dist/tex/latex/comment/comment.sty
\CommentStream=\write3

Excluding comment 'comment')
(/usr/local/texlive/2013/texmf-dist/tex/latex/graphics/color.sty
Package: color 2005/11/14 v1.0j Standard LaTeX Color (DPC)

(/usr/local/texlive/2013/texmf-dist/tex/latex/latexconfig/color.cfg
File: color.cfg 2007/01/18 v1.5 color configuration of teTeX/TeXLive
)
Package color Info: Driver file: pdftex.def on input line 130.
)
(/usr/local/texlive/2013/texmf-dist/tex/latex/amsmath/amsmath.sty
Package: amsmath 2013/01/14 v2.14 AMS math features
\@mathmargin=\skip46

For additional information on amsmath, use the `?' option.
(/usr/local/texlive/2013/texmf-dist/tex/latex/amsmath/amstext.sty
Package: amstext 2000/06/29 v2.01

(/usr/local/texlive/2013/texmf-dist/tex/latex/amsmath/amsgen.sty
File: amsgen.sty 1999/11/30 v2.0
\@emptytoks=\toks18
\ex@=\dimen146
))
(/usr/local/texlive/2013/texmf-dist/tex/latex/amsmath/amsbsy.sty
Package: amsbsy 1999/11/29 v1.2d
\pmbraise@=\dimen147
)
(/usr/local/texlive/2013/texmf-dist/tex/latex/amsmath/amsopn.sty
Package: amsopn 1999/12/14 v2.01 operator names
)
\inf@bad=\count110
LaTeX Info: Redefining \frac on input line 210.
\uproot@=\count111
\leftroot@=\count112
LaTeX Info: Redefining \overline on input line 306.
\classnum@=\count113
\DOTSCASE@=\count114
LaTeX Info: Redefining \ldots on input line 378.
LaTeX Info: Redefining \dots on input line 381.
LaTeX Info: Redefining \cdots on input line 466.
\Mathstrutbox@=\box30
\strutbox@=\box31
\big@size=\dimen148
LaTeX Font Info:    Redeclaring font encoding OML on input line 566.
LaTeX Font Info:    Redeclaring font encoding OMS on input line 567.


Package amsmath Warning: Unable to redefine math accent \vec.

\macc@depth=\count115
\c@MaxMatrixCols=\count116
\dotsspace@=\muskip11
\c@parentequation=\count117
\dspbrk@lvl=\count118
\tag@help=\toks19
\row@=\count119
\column@=\count120
\maxfields@=\count121
\andhelp@=\toks20
\eqnshift@=\dimen149
\alignsep@=\dimen150
\tagshift@=\dimen151
\tagwidth@=\dimen152
\totwidth@=\dimen153
\lineht@=\dimen154
\@envbody=\toks21
\multlinegap=\skip47
\multlinetaggap=\skip48
\mathdisplay@stack=\toks22
LaTeX Info: Redefining \[ on input line 2665.
LaTeX Info: Redefining \] on input line 2666.
) (/usr/local/texlive/2013/texmf-dist/tex/latex/tools/array.sty
Package: array 2008/09/09 v2.4c Tabular extension package (FMi)
\col@sep=\dimen155
\extrarowheight=\dimen156
\NC@list=\toks23
\extratabsurround=\skip49
\backup@length=\skip50
)
(./report_ieee.aux

LaTeX Warning: Label `fig:temp-lags' multiply defined.


LaTeX Warning: Label `subfig:acf-temp-1year' multiply defined.


LaTeX Warning: Label `sub@subfig:acf-temp-1year' multiply defined.


LaTeX Warning: Label `subfig:acf-load-1year' multiply defined.


LaTeX Warning: Label `sub@subfig:acf-load-1year' multiply defined.


LaTeX Warning: Label `subfig:acf-temp-1year' multiply defined.


LaTeX Warning: Label `sub@subfig:acf-temp-1year' multiply defined.


LaTeX Warning: Label `subfig:acf-load-1year' multiply defined.


LaTeX Warning: Label `sub@subfig:acf-load-1year' multiply defined.


LaTeX Warning: Label `subfig:acf-temp-1year' multiply defined.


LaTeX Warning: Label `sub@subfig:acf-temp-1year' multiply defined.


LaTeX Warning: Label `subfig:acf-load-1year' multiply defined.


LaTeX Warning: Label `sub@subfig:acf-load-1year' multiply defined.

)
\openout1 = `report_ieee.aux'.

LaTeX Font Info:    Checking defaults for OML/cmm/m/it on input line 174.
LaTeX Font Info:    ... okay on input line 174.
LaTeX Font Info:    Checking defaults for T1/cmr/m/n on input line 174.
LaTeX Font Info:    ... okay on input line 174.
LaTeX Font Info:    Checking defaults for OT1/cmr/m/n on input line 174.
LaTeX Font Info:    ... okay on input line 174.
LaTeX Font Info:    Checking defaults for OMS/cmsy/m/n on input line 174.
LaTeX Font Info:    ... okay on input line 174.
LaTeX Font Info:    Checking defaults for OMX/cmex/m/n on input line 174.
LaTeX Font Info:    ... okay on input line 174.
LaTeX Font Info:    Checking defaults for U/cmr/m/n on input line 174.
LaTeX Font Info:    ... okay on input line 174.
LaTeX Font Info:    Checking defaults for PD1/pdf/m/n on input line 174.
LaTeX Font Info:    ... okay on input line 174.
LaTeX Font Info:    Font shape `T1/ptm/bx/n' in size <5> not available
(Font)              Font shape `T1/ptm/b/n' tried instead on input line 174.
LaTeX Font Info:    Font shape `T1/ptm/bx/it' in size <5> not available
(Font)              Font shape `T1/ptm/b/it' tried instead on input line 174.
LaTeX Font Info:    Font shape `T1/ptm/bx/n' in size <7> not available
(Font)              Font shape `T1/ptm/b/n' tried instead on input line 174.
LaTeX Font Info:    Font shape `T1/ptm/bx/it' in size <7> not available
(Font)              Font shape `T1/ptm/b/it' tried instead on input line 174.
LaTeX Font Info:    Font shape `T1/ptm/bx/n' in size <8> not available
(Font)              Font shape `T1/ptm/b/n' tried instead on input line 174.
LaTeX Font Info:    Font shape `T1/ptm/bx/it' in size <8> not available
(Font)              Font shape `T1/ptm/b/it' tried instead on input line 174.
LaTeX Font Info:    Font shape `T1/ptm/bx/n' in size <9> not available
(Font)              Font shape `T1/ptm/b/n' tried instead on input line 174.
LaTeX Font Info:    Font shape `T1/ptm/bx/it' in size <9> not available
(Font)              Font shape `T1/ptm/b/it' tried instead on input line 174.
LaTeX Font Info:    Font shape `T1/ptm/bx/n' in size <10> not available
(Font)              Font shape `T1/ptm/b/n' tried instead on input line 174.
LaTeX Font Info:    Font shape `T1/ptm/bx/it' in size <10> not available
(Font)              Font shape `T1/ptm/b/it' tried instead on input line 174.
LaTeX Font Info:    Font shape `T1/ptm/bx/n' in size <11> not available
(Font)              Font shape `T1/ptm/b/n' tried instead on input line 174.
LaTeX Font Info:    Font shape `T1/ptm/bx/it' in size <11> not available
(Font)              Font shape `T1/ptm/b/it' tried instead on input line 174.
LaTeX Font Info:    Font shape `T1/ptm/bx/n' in size <12> not available
(Font)              Font shape `T1/ptm/b/n' tried instead on input line 174.
LaTeX Font Info:    Font shape `T1/ptm/bx/it' in size <12> not available
(Font)              Font shape `T1/ptm/b/it' tried instead on input line 174.
LaTeX Font Info:    Font shape `T1/ptm/bx/n' in size <17> not available
(Font)              Font shape `T1/ptm/b/n' tried instead on input line 174.
LaTeX Font Info:    Font shape `T1/ptm/bx/it' in size <17> not available
(Font)              Font shape `T1/ptm/b/it' tried instead on input line 174.
LaTeX Font Info:    Font shape `T1/ptm/bx/n' in size <20> not available
(Font)              Font shape `T1/ptm/b/n' tried instead on input line 174.
LaTeX Font Info:    Font shape `T1/ptm/bx/it' in size <20> not available
(Font)              Font shape `T1/ptm/b/it' tried instead on input line 174.
LaTeX Font Info:    Font shape `T1/ptm/bx/n' in size <24> not available
(Font)              Font shape `T1/ptm/b/n' tried instead on input line 174.
LaTeX Font Info:    Font shape `T1/ptm/bx/it' in size <24> not available
(Font)              Font shape `T1/ptm/b/it' tried instead on input line 174.
 (/usr/local/texlive/2013/texmf-dist/tex/context/base/supp-pdf.mkii
[Loading MPS to PDF converter (version 2006.09.02).]
\scratchcounter=\count122
\scratchdimen=\dimen157
\scratchbox=\box32
\nofMPsegments=\count123
\nofMParguments=\count124
\everyMPshowfont=\toks24
\MPscratchCnt=\count125
\MPscratchDim=\dimen158
\MPnumerator=\count126
\makeMPintoPDFobject=\count127
\everyMPtoPDFconversion=\toks25
) (/usr/local/texlive/2013/texmf-dist/tex/latex/oberdiek/epstopdf-base.sty
Package: epstopdf-base 2010/02/09 v2.5 Base part for package epstopdf

(/usr/local/texlive/2013/texmf-dist/tex/latex/oberdiek/grfext.sty
Package: grfext 2010/08/19 v1.1 Manage graphics extensions (HO)
)
Package grfext Info: Graphics extension search list:
(grfext)             [.png,.pdf,.jpg,.mps,.jpeg,.jbig2,.jb2,.PNG,.PDF,.JPG,.JPE
G,.JBIG2,.JB2,.eps]
(grfext)             \AppendGraphicsExtensions on input line 452.

(/usr/local/texlive/2013/texmf-dist/tex/latex/latexconfig/epstopdf-sys.cfg
File: epstopdf-sys.cfg 2010/07/13 v1.3 Configuration of (r)epstopdf for TeX Liv
e
))
Package caption Info: Begin \AtBeginDocument code.
Package caption Info: hyperref package is loaded.
Package caption Info: End \AtBeginDocument code.
\AtBeginShipoutBox=\box33
Package hyperref Info: Link coloring OFF on input line 174.

(/usr/local/texlive/2013/texmf-dist/tex/latex/hyperref/nameref.sty
Package: nameref 2012/10/27 v2.43 Cross-referencing by name of section

(/usr/local/texlive/2013/texmf-dist/tex/generic/oberdiek/gettitlestring.sty
Package: gettitlestring 2010/12/03 v1.4 Cleanup title references (HO)
)
\c@section@level=\count128
)
LaTeX Info: Redefining \ref on input line 174.
LaTeX Info: Redefining \pageref on input line 174.
LaTeX Info: Redefining \nameref on input line 174.

(./report_ieee.out) (./report_ieee.out)
\@outlinefile=\write4
\openout4 = `report_ieee.out'.

 [1{/usr/local/texlive/2013/texmf-var/fonts/map/pdftex/updmap/pdftex.map}


]

LaTeX Warning: Citation `Nedellec2014' on page 2 undefined on input line 232.


Underfull \hbox (badness 2057) in paragraph at lines 239--239
[]\T1/ptm/m/n/10 The fore-casts were re-quired to be made start-ing from
 []

<gfx/avg-district-temp-fahrenheit.pdf, id=143, 557.08125pt x 406.51875pt>
File: gfx/avg-district-temp-fahrenheit.pdf Graphic file (type pdf)

<use gfx/avg-district-temp-fahrenheit.pdf>
Package pdftex.def Info: gfx/avg-district-temp-fahrenheit.pdf used on input lin
e 244.
(pdftex.def)             Requested size: 202.44066pt x 147.7237pt.

<gfx/avg-district-temp-celsius.pdf, id=144, 557.08125pt x 406.51875pt>
File: gfx/avg-district-temp-celsius.pdf Graphic file (type pdf)

<use gfx/avg-district-temp-celsius.pdf>
Package pdftex.def Info: gfx/avg-district-temp-celsius.pdf used on input line 2
48.
(pdftex.def)             Requested size: 202.44066pt x 147.7237pt.

<gfx/utility-load.pdf, id=145, 557.08125pt x 406.51875pt>
File: gfx/utility-load.pdf Graphic file (type pdf)

<use gfx/utility-load.pdf>
Package pdftex.def Info: gfx/utility-load.pdf used on input line 257.
(pdftex.def)             Requested size: 253.04987pt x 184.65616pt.
 [2 <./gfx/avg-district-temp-fahrenheit.pdf> <./gfx/avg-district-temp-celsius.p
df> <./gfx/utility-load.pdf>]
<gfx/weather-station-cc-plots_series1-6_lag5.pdf, id=174, 1184.425pt x 812.0337
5pt>
File: gfx/weather-station-cc-plots_series1-6_lag5.pdf Graphic file (type pdf)
 <use gfx/weather-station-cc-plots_series1-6_lag5.pdf>
Package pdftex.def Info: gfx/weather-station-cc-plots_series1-6_lag5.pdf used o
n input line 279.
(pdftex.def)             Requested size: 253.04987pt x 173.48108pt.

<gfx/avg-temp-2011.pdf, id=176, 557.08125pt x 406.51875pt>
File: gfx/avg-temp-2011.pdf Graphic file (type pdf)

<use gfx/avg-temp-2011.pdf>
Package pdftex.def Info: gfx/avg-temp-2011.pdf used on input line 288.
(pdftex.def)             Requested size: 202.44066pt x 147.7237pt.

<gfx/temp-station1-2011.pdf, id=177, 557.08125pt x 406.51875pt>
File: gfx/temp-station1-2011.pdf Graphic file (type pdf)

<use gfx/temp-station1-2011.pdf>
Package pdftex.def Info: gfx/temp-station1-2011.pdf used on input line 294.
(pdftex.def)             Requested size: 202.44066pt x 147.7237pt.
LaTeX Font Info:    Try loading font information for U+msa on input line 301.

(/usr/local/texlive/2013/texmf-dist/tex/latex/amsfonts/umsa.fd
File: umsa.fd 2013/01/14 v3.01 AMS symbols A
)
LaTeX Font Info:    Try loading font information for U+msb on input line 301.

(/usr/local/texlive/2013/texmf-dist/tex/latex/amsfonts/umsb.fd
File: umsb.fd 2013/01/14 v3.01 AMS symbols B
)
<gfx/pinball.pdf, id=178, 424.58624pt x 191.71625pt>
File: gfx/pinball.pdf Graphic file (type pdf)
 <use gfx/pinball.pdf>
Package pdftex.def Info: gfx/pinball.pdf used on input line 317.
(pdftex.def)             Requested size: 253.04987pt x 114.26126pt.

[3 <./gfx/weather-station-cc-plots_series1-6_lag5.pdf> <./gfx/avg-temp-2011.pdf
> <./gfx/temp-station1-2011.pdf> <./gfx/pinball.pdf>]
<gfx/acf_avg_temp_7days.pdf, id=224, 557.08125pt x 406.51875pt>
File: gfx/acf_avg_temp_7days.pdf Graphic file (type pdf)

<use gfx/acf_avg_temp_7days.pdf>
Package pdftex.def Info: gfx/acf_avg_temp_7days.pdf used on input line 356.
(pdftex.def)             Requested size: 123.99582pt x 90.4827pt.

<gfx/acf_temp_station1_7days.pdf, id=225, 557.08125pt x 406.51875pt>
File: gfx/acf_temp_station1_7days.pdf Graphic file (type pdf)

<use gfx/acf_temp_station1_7days.pdf>
Package pdftex.def Info: gfx/acf_temp_station1_7days.pdf used on input line 361
.
(pdftex.def)             Requested size: 123.99582pt x 90.4827pt.

<gfx/acf-load-7days.pdf, id=230, 557.08125pt x 406.51875pt>
File: gfx/acf-load-7days.pdf Graphic file (type pdf)

<use gfx/acf-load-7days.pdf>
Package pdftex.def Info: gfx/acf-load-7days.pdf used on input line 374.
(pdftex.def)             Requested size: 123.99582pt x 90.4827pt.

<gfx/acf-load-35days.pdf, id=231, 557.08125pt x 406.51875pt>
File: gfx/acf-load-35days.pdf Graphic file (type pdf)

<use gfx/acf-load-35days.pdf>
Package pdftex.def Info: gfx/acf-load-35days.pdf used on input line 379.
(pdftex.def)             Requested size: 123.99582pt x 90.4827pt.

<gfx/daily-avg-temp-1year.pdf, id=236, 557.08125pt x 406.51875pt>
File: gfx/daily-avg-temp-1year.pdf Graphic file (type pdf)

<use gfx/daily-avg-temp-1year.pdf>
Package pdftex.def Info: gfx/daily-avg-temp-1year.pdf used on input line 399.
(pdftex.def)             Requested size: 123.99582pt x 90.4827pt.

<gfx/avg-daily-load-1year.pdf, id=237, 557.08125pt x 406.51875pt>
File: gfx/avg-daily-load-1year.pdf Graphic file (type pdf)

<use gfx/avg-daily-load-1year.pdf>
Package pdftex.def Info: gfx/avg-daily-load-1year.pdf used on input line 403.
(pdftex.def)             Requested size: 123.99582pt x 90.4827pt.
 [4 <./gfx/acf_avg_temp_7days.pdf> <./gfx/acf_temp_station1_7days.pdf> <./gfx/a
cf-load-7days.pdf> <./gfx/acf-load-35days.pdf>]

LaTeX Warning: Citation `Nedellec2014' on page 5 undefined on input line 436.


LaTeX Warning: Citation `Nedellec2014' on page 5 undefined on input line 447.

[5 <./gfx/daily-avg-temp-1year.pdf> <./gfx/avg-daily-load-1year.pdf>]
<gfx/results/temp/TEMP-MONTHLY-BEST-COLUMNS.pdf, id=318, 367.3725pt x 220.825pt
>
File: gfx/results/temp/TEMP-MONTHLY-BEST-COLUMNS.pdf Graphic file (type pdf)
 <use gfx/results/temp/TEMP-MONTHLY-BEST-COLUMNS.pdf>
Package pdftex.def Info: gfx/results/temp/TEMP-MONTHLY-BEST-COLUMNS.pdf used on
 input line 476.
(pdftex.def)             Requested size: 253.04987pt x 152.10995pt.

<gfx/results/temp/TEMP-WEEKLY-BEST-COLUMNS.pdf, id=319, 371.3875pt x 225.84375p
t>
File: gfx/results/temp/TEMP-WEEKLY-BEST-COLUMNS.pdf Graphic file (type pdf)
 <use gfx/results/temp/TEMP-WEEKLY-BEST-COLUMNS.pdf>
Package pdftex.def Info: gfx/results/temp/TEMP-WEEKLY-BEST-COLUMNS.pdf used on 
input line 481.
(pdftex.def)             Requested size: 253.04987pt x 153.8853pt.

<gfx/results/temp/GAM-temp-vs-no-temp-column.pdf, id=324, 479.7925pt x 352.3162
5pt>
File: gfx/results/temp/GAM-temp-vs-no-temp-column.pdf Graphic file (type pdf)
 <use gfx/results/temp/GAM-temp-vs-no-temp-column.pdf>
Package pdftex.def Info: gfx/results/temp/GAM-temp-vs-no-temp-column.pdf used o
n input line 516.
(pdftex.def)             Requested size: 253.04987pt x 185.81819pt.


LaTeX Warning: Reference `temp-proc' on page 6 undefined on input line 523.

<gfx/results/temp/MAPE-temp-source-effect.pdf, id=326, 349.305pt x 216.81pt>
File: gfx/results/temp/MAPE-temp-source-effect.pdf Graphic file (type pdf)

<use gfx/results/temp/MAPE-temp-source-effect.pdf>
Package pdftex.def Info: gfx/results/temp/MAPE-temp-source-effect.pdf used on i
nput line 528.
(pdftex.def)             Requested size: 253.04987pt x 157.06577pt.
 [6 <./gfx/results/temp/TEMP-MONTHLY-BEST-COLUMNS.pdf> <./gfx/results/temp/TEMP
-WEEKLY-BEST-COLUMNS.pdf>]
<gfx/results/load/GAM-MAPE-predtrain.pdf, id=383, 479.7925pt x 352.31625pt>
File: gfx/results/load/GAM-MAPE-predtrain.pdf Graphic file (type pdf)

<use gfx/results/load/GAM-MAPE-predtrain.pdf>
Package pdftex.def Info: gfx/results/load/GAM-MAPE-predtrain.pdf used on input 
line 539.
(pdftex.def)             Requested size: 253.04987pt x 185.81819pt.

<gfx/results/load/GAM-PINBALL-predtrain.pdf, id=384, 479.7925pt x 352.31625pt>
File: gfx/results/load/GAM-PINBALL-predtrain.pdf Graphic file (type pdf)

<use gfx/results/load/GAM-PINBALL-predtrain.pdf>
Package pdftex.def Info: gfx/results/load/GAM-PINBALL-predtrain.pdf used on inp
ut line 543.
(pdftex.def)             Requested size: 253.04987pt x 185.81819pt.

<gfx/results/load/LOAD-WEEKS-MAPE-PINBALL.pdf, id=389, 232.87pt x 217.81375pt>
File: gfx/results/load/LOAD-WEEKS-MAPE-PINBALL.pdf Graphic file (type pdf)

<use gfx/results/load/LOAD-WEEKS-MAPE-PINBALL.pdf>
Package pdftex.def Info: gfx/results/load/LOAD-WEEKS-MAPE-PINBALL.pdf used on i
nput line 572.
(pdftex.def)             Requested size: 123.99582pt x 115.97914pt.

<gfx/results/load/LOAD-WEEKS-MAPE-PINBALL-GAM.pdf, id=390, 232.87pt x 217.81375
pt>
File: gfx/results/load/LOAD-WEEKS-MAPE-PINBALL-GAM.pdf Graphic file (type pdf)
 <use gfx/results/load/LOAD-WEEKS-MAPE-PINBALL-GAM.pdf>
Package pdftex.def Info: gfx/results/load/LOAD-WEEKS-MAPE-PINBALL-GAM.pdf used 
on input line 577.
(pdftex.def)             Requested size: 123.99582pt x 115.97914pt.

<gfx/results/load/GAM-MAPE-DLAG.pdf, id=392, 479.7925pt x 352.31625pt>
File: gfx/results/load/GAM-MAPE-DLAG.pdf Graphic file (type pdf)

<use gfx/results/load/GAM-MAPE-DLAG.pdf>
Package pdftex.def Info: gfx/results/load/GAM-MAPE-DLAG.pdf used on input line 
591.
(pdftex.def)             Requested size: 253.04987pt x 185.81819pt.

<gfx/results/load/GAM-PINBALL-DLAG.pdf, id=393, 479.7925pt x 352.31625pt>
File: gfx/results/load/GAM-PINBALL-DLAG.pdf Graphic file (type pdf)

<use gfx/results/load/GAM-PINBALL-DLAG.pdf>
Package pdftex.def Info: gfx/results/load/GAM-PINBALL-DLAG.pdf used on input li
ne 595.
(pdftex.def)             Requested size: 253.04987pt x 185.81819pt.

Underfull \vbox (badness 1097) has occurred while \output is active []


<gfx/results/load/DAYT-MAPE.pdf, id=397, 479.7925pt x 352.31625pt>
File: gfx/results/load/DAYT-MAPE.pdf Graphic file (type pdf)

<use gfx/results/load/DAYT-MAPE.pdf>
Package pdftex.def Info: gfx/results/load/DAYT-MAPE.pdf used on input line 607.

(pdftex.def)             Requested size: 253.04987pt x 185.81819pt.

<gfx/results/load/DAYT-PINBALL.pdf, id=398, 479.7925pt x 352.31625pt>
File: gfx/results/load/DAYT-PINBALL.pdf Graphic file (type pdf)

<use gfx/results/load/DAYT-PINBALL.pdf>
Package pdftex.def Info: gfx/results/load/DAYT-PINBALL.pdf used on input line 6
11.
(pdftex.def)             Requested size: 253.04987pt x 185.81819pt.
 [7 <./gfx/results/temp/GAM-temp-vs-no-temp-column.pdf> <./gfx/results/temp/MAP
E-temp-source-effect.pdf> <./gfx/results/load/GAM-MAPE-predtrain.pdf> <./gfx/re
sults/load/GAM-PINBALL-predtrain.pdf>]
<gfx/results/load/LOAD-BEST-PINBALL.pdf, id=512, 477.785pt x 359.3425pt>
File: gfx/results/load/LOAD-BEST-PINBALL.pdf Graphic file (type pdf)

<use gfx/results/load/LOAD-BEST-PINBALL.pdf>
Package pdftex.def Info: gfx/results/load/LOAD-BEST-PINBALL.pdf used on input l
ine 623.
(pdftex.def)             Requested size: 253.04987pt x 190.31902pt.

<gfx/results/load/LOAD-BEST-POSITION.pdf, id=513, 478.78876pt x 360.34625pt>
File: gfx/results/load/LOAD-BEST-POSITION.pdf Graphic file (type pdf)

<use gfx/results/load/LOAD-BEST-POSITION.pdf>
Package pdftex.def Info: gfx/results/load/LOAD-BEST-POSITION.pdf used on input 
line 628.
(pdftex.def)             Requested size: 253.04987pt x 190.44925pt.
 [8 <./gfx/results/load/LOAD-WEEKS-MAPE-PINBALL.pdf> <./gfx/results/load/LOAD-W
EEKS-MAPE-PINBALL-GAM.pdf> <./gfx/results/load/GAM-MAPE-DLAG.pdf> <./gfx/result
s/load/GAM-PINBALL-DLAG.pdf> <./gfx/results/load/DAYT-MAPE.pdf> <./gfx/results/
load/DAYT-PINBALL.pdf>]
(./report_ieee.bbl
Underfull \vbox (badness 3758) has occurred while \output is active []

 [9 <./gfx/results/load/LOAD-BEST-PINBALL.pdf> <./gfx/results/load/LOAD-BEST-PO
SITION.pdf>])

** Conference Paper **
Before submitting the final camera ready copy, remember to:

 1. Manually equalize the lengths of two columns on the last page
 of your paper;

 2. Ensure that any PostScript and/or PDF output post-processing
 uses only Type 1 fonts and that every step in the generation
 process uses the appropriate paper size.

Package atveryend Info: Empty hook `BeforeClearDocument' on input line 645.
[10

]
Package atveryend Info: Empty hook `AfterLastShipout' on input line 645.
 (./report_ieee.aux)
Package atveryend Info: Executing hook `AtVeryEndDocument' on input line 645.
Package atveryend Info: Executing hook `AtEndAfterFileList' on input line 645.
Package rerunfilecheck Info: File `report_ieee.out' has not changed.
(rerunfilecheck)             Checksum: 6937E6F91AFC058701066CE448176E41;2037.


LaTeX Warning: There were undefined references.


LaTeX Warning: There were multiply-defined labels.

Package atveryend Info: Empty hook `AtVeryVeryEnd' on input line 645.
 ) 
Here is how much of TeX's memory you used:
 8655 strings out of 493315
 134005 string characters out of 6137904
 222494 words of memory out of 5000000
 11884 multiletter control sequences out of 15000+600000
 119112 words of font info for 135 fonts, out of 8000000 for 9000
 957 hyphenation exceptions out of 8191
 42i,9n,40p,2106b,458s stack positions out of 5000i,500n,10000p,200000b,80000s
{/usr/local/texlive/2013/texmf-dist/fonts/enc/dvips/base/8r.enc}</usr/local/t
exlive/2013/texmf-dist/fonts/type1/public/amsfonts/cm/cmbx10.pfb></usr/local/te
xlive/2013/texmf-dist/fonts/type1/public/amsfonts/cm/cmex10.pfb></usr/local/tex
live/2013/texmf-dist/fonts/type1/public/amsfonts/cm/cmmi10.pfb></usr/local/texl
ive/2013/texmf-dist/fonts/type1/public/amsfonts/cm/cmmi5.pfb></usr/local/texliv
e/2013/texmf-dist/fonts/type1/public/amsfonts/cm/cmmi7.pfb></usr/local/texlive/
2013/texmf-dist/fonts/type1/public/amsfonts/cm/cmr10.pfb></usr/local/texlive/20
13/texmf-dist/fonts/type1/public/amsfonts/cm/cmr7.pfb></usr/local/texlive/2013/
texmf-dist/fonts/type1/public/amsfonts/cm/cmsy10.pfb></usr/local/texlive/2013/t
exmf-dist/fonts/type1/public/amsfonts/cm/cmsy7.pfb></usr/local/texlive/2013/tex
mf-dist/fonts/type1/public/amsfonts/symbols/msbm10.pfb></usr/local/texlive/2013
/texmf-dist/fonts/type1/urw/times/utmb8a.pfb></usr/local/texlive/2013/texmf-dis
t/fonts/type1/urw/times/utmbi8a.pfb></usr/local/texlive/2013/texmf-dist/fonts/t
ype1/urw/times/utmr8a.pfb></usr/local/texlive/2013/texmf-dist/fonts/type1/urw/t
imes/utmri8a.pfb>
Output written on report_ieee.pdf (10 pages, 1909915 bytes).
PDF statistics:
 797 PDF objects out of 1000 (max. 8388607)
 639 compressed objects within 7 object streams
 74 named destinations out of 1000 (max. 500000)
 368 words of extra memory for PDF output out of 10000 (max. 10000000)

