\BOOKMARK [1][-]{section.1}{Introduction}{}% 1
\BOOKMARK [2][-]{subsection.1.1}{GEFCom 2014}{section.1}% 2
\BOOKMARK [2][-]{subsection.1.2}{Review of Energy Load Forecasting}{section.1}% 3
\BOOKMARK [1][-]{section.2}{Dataset and Evaluation Metrics}{}% 4
\BOOKMARK [2][-]{subsection.2.1}{Dataset}{section.2}% 5
\BOOKMARK [2][-]{subsection.2.2}{Data Cleaning}{section.2}% 6
\BOOKMARK [2][-]{subsection.2.3}{Temperature Preprocessing}{section.2}% 7
\BOOKMARK [2][-]{subsection.2.4}{Evaluation Metrics}{section.2}% 8
\BOOKMARK [1][-]{section.3}{Feature Selection}{}% 9
\BOOKMARK [2][-]{subsection.3.1}{Time Lags}{section.3}% 10
\BOOKMARK [2][-]{subsection.3.2}{Calendar Features}{section.3}% 11
\BOOKMARK [1][-]{section.4}{Forecasting Methods \046 Methodology}{}% 12
\BOOKMARK [2][-]{subsection.4.1}{Linear Model \(LM\)}{section.4}% 13
\BOOKMARK [2][-]{subsection.4.2}{Generalized Additive Model \(GAM\)}{section.4}% 14
\BOOKMARK [2][-]{subsection.4.3}{Neural Network \(NN\)}{section.4}% 15
\BOOKMARK [2][-]{subsection.4.4}{Random Forest \(RF\)}{section.4}% 16
\BOOKMARK [2][-]{subsection.4.5}{Time series cross-validation}{section.4}% 17
\BOOKMARK [2][-]{subsection.4.6}{Creation of Quantiles}{section.4}% 18
\BOOKMARK [1][-]{section.5}{Results}{}% 19
\BOOKMARK [2][-]{subsection.5.1}{Temperature}{section.5}% 20
\BOOKMARK [2][-]{subsection.5.2}{Load Modeling}{section.5}% 21
\BOOKMARK [3][-]{subsubsection.5.2.1}{Effect of Temperature}{subsection.5.2}% 22
\BOOKMARK [3][-]{subsubsection.5.2.2}{Effect of Different Temperature Inputs}{subsection.5.2}% 23
\BOOKMARK [3][-]{subsubsection.5.2.3}{Predicting Temperature for Load Training Period}{subsection.5.2}% 24
\BOOKMARK [3][-]{subsubsection.5.2.4}{Effect of the Time Horizon}{subsection.5.2}% 25
\BOOKMARK [3][-]{subsubsection.5.2.5}{Effect of different Daytype Assignments}{subsection.5.2}% 26
\BOOKMARK [3][-]{subsubsection.5.2.6}{Best Performancing Method Configuration}{subsection.5.2}% 27
\BOOKMARK [1][-]{section.6}{Conclusion}{}% 28
\BOOKMARK [1][-]{section*.18}{References}{}% 29
